<?xml version="1.0" encoding="UTF-8"?>
<testsuites>
  <testsuite name="fastlane.lanes">
    
    
    
      
      <testcase classname="fastlane.lanes" name="0: update_fastlane" time="2.3168281">
        
      </testcase>
    
      
      <testcase classname="fastlane.lanes" name="1: default_platform" time="0.0036988">
        
      </testcase>
    
      
      <testcase classname="fastlane.lanes" name="2: gradle" time="1.6958426">
        
          <failure message="/home/darkl/.rbenv/versions/2.6.3/lib/ruby/gems/2.6.0/gems/fastlane-2.125.2/fastlane/lib/fastlane/actions/actions_helper.rb:48:in `execute_action'&#10;/home/darkl/.rbenv/versions/2.6.3/lib/ruby/gems/2.6.0/gems/fastlane-2.125.2/fastlane/lib/fastlane/runner.rb:235:in `block in execute_action'&#10;/home/darkl/.rbenv/versions/2.6.3/lib/ruby/gems/2.6.0/gems/fastlane-2.125.2/fastlane/lib/fastlane/runner.rb:227:in `chdir'&#10;/home/darkl/.rbenv/versions/2.6.3/lib/ruby/gems/2.6.0/gems/fastlane-2.125.2/fastlane/lib/fastlane/runner.rb:227:in `execute_action'&#10;/home/darkl/.rbenv/versions/2.6.3/lib/ruby/gems/2.6.0/gems/fastlane-2.125.2/fastlane/lib/fastlane/runner.rb:157:in `trigger_action_by_name'&#10;/home/darkl/.rbenv/versions/2.6.3/lib/ruby/gems/2.6.0/gems/fastlane-2.125.2/fastlane/lib/fastlane/fast_file.rb:154:in `method_missing'&#10;Fastfile:21:in `block (2 levels) in parsing_binding'&#10;/home/darkl/.rbenv/versions/2.6.3/lib/ruby/gems/2.6.0/gems/fastlane-2.125.2/fastlane/lib/fastlane/lane.rb:33:in `call'&#10;/home/darkl/.rbenv/versions/2.6.3/lib/ruby/gems/2.6.0/gems/fastlane-2.125.2/fastlane/lib/fastlane/runner.rb:49:in `block in execute'&#10;/home/darkl/.rbenv/versions/2.6.3/lib/ruby/gems/2.6.0/gems/fastlane-2.125.2/fastlane/lib/fastlane/runner.rb:45:in `chdir'&#10;/home/darkl/.rbenv/versions/2.6.3/lib/ruby/gems/2.6.0/gems/fastlane-2.125.2/fastlane/lib/fastlane/runner.rb:45:in `execute'&#10;/home/darkl/.rbenv/versions/2.6.3/lib/ruby/gems/2.6.0/gems/fastlane-2.125.2/fastlane/lib/fastlane/lane_manager.rb:56:in `cruise_lane'&#10;/home/darkl/.rbenv/versions/2.6.3/lib/ruby/gems/2.6.0/gems/fastlane-2.125.2/fastlane/lib/fastlane/command_line_handler.rb:36:in `handle'&#10;/home/darkl/.rbenv/versions/2.6.3/lib/ruby/gems/2.6.0/gems/fastlane-2.125.2/fastlane/lib/fastlane/commands_generator.rb:108:in `block (2 levels) in run'&#10;/home/darkl/.rbenv/versions/2.6.3/lib/ruby/gems/2.6.0/gems/commander-fastlane-4.4.6/lib/commander/command.rb:178:in `call'&#10;/home/darkl/.rbenv/versions/2.6.3/lib/ruby/gems/2.6.0/gems/commander-fastlane-4.4.6/lib/commander/command.rb:153:in `run'&#10;/home/darkl/.rbenv/versions/2.6.3/lib/ruby/gems/2.6.0/gems/commander-fastlane-4.4.6/lib/commander/runner.rb:476:in `run_active_command'&#10;/home/darkl/.rbenv/versions/2.6.3/lib/ruby/gems/2.6.0/gems/fastlane-2.125.2/fastlane_core/lib/fastlane_core/ui/fastlane_runner.rb:76:in `run!'&#10;/home/darkl/.rbenv/versions/2.6.3/lib/ruby/gems/2.6.0/gems/commander-fastlane-4.4.6/lib/commander/delegates.rb:15:in `run!'&#10;/home/darkl/.rbenv/versions/2.6.3/lib/ruby/gems/2.6.0/gems/fastlane-2.125.2/fastlane/lib/fastlane/commands_generator.rb:333:in `run'&#10;/home/darkl/.rbenv/versions/2.6.3/lib/ruby/gems/2.6.0/gems/fastlane-2.125.2/fastlane/lib/fastlane/commands_generator.rb:41:in `start'&#10;/home/darkl/.rbenv/versions/2.6.3/lib/ruby/gems/2.6.0/gems/fastlane-2.125.2/fastlane/lib/fastlane/cli_tools_distributor.rb:119:in `take_off'&#10;/home/darkl/.rbenv/versions/2.6.3/lib/ruby/gems/2.6.0/gems/fastlane-2.125.2/bin/fastlane:23:in `&lt;top (required)&gt;'&#10;/home/darkl/.rbenv/versions/2.6.3/bin/fastlane:23:in `load'&#10;/home/darkl/.rbenv/versions/2.6.3/bin/fastlane:23:in `&lt;main&gt;'&#10;&#10;Exit status of command '/mnt/c/Users/darkl/Desktop/navis/android/gradlew test -p .' was 1 instead of 0.&#10;&#10;&gt; Configure project :app&#10;NDK is missing a &quot;platforms&quot; directory.&#10;If you are using NDK, verify the ndk.dir is set to a valid NDK directory.  It is currently set to /mnt/c/Users/darkl/Desktop/navis/android/C:\Users\darkl\AppData\Local\Android\Sdk\ndk-bundle.&#10;If you are not using NDK, unset the NDK variable from ANDROID_NDK_HOME or local.properties to remove this warning.&#10;&#10;&#10;FAILURE: Build failed with an exception.&#10;&#10;* Where:&#10;Build file '/mnt/c/Users/darkl/Desktop/navis/android/app/build.gradle' line: 26&#10;&#10;* What went wrong:&#10;A problem occurred evaluating project ':app'.&#10;&gt; java.net.URISyntaxException: Illegal character in opaque part at index 2: C:\flutter/packages/flutter_tools/gradle/flutter.gradle&#10;&#10;* Try:&#10;Run with --stacktrace option to get the stack trace. Run with --info or --debug option to get more log output. Run with --scan to get full insights.&#10;&#10;* Get more help at https://help.gradle.org&#10;&#10;BUILD FAILED in 1s&#10;" />
        
      </testcase>
    
  </testsuite>
</testsuites>
